<?xml version="1.0" encoding="UTF-8"?>
<testsuite name="game.GameTest" tests="12" skipped="0" failures="0" errors="0" timestamp="2022-12-15T16:01:28" hostname="MASTUDEVX3HJKGK" time="0.962">
  <properties/>
  <testcase name="testGetsWordToGuessWithRandomWord()" classname="game.GameTest" time="0.886"/>
  <testcase name="gameNotLostAllAttempts()" classname="game.GameTest" time="0.003"/>
  <testcase name="gameLost()" classname="game.GameTest" time="0.006"/>
  <testcase name="testGuessLetterWrongLetter()" classname="game.GameTest" time="0.006"/>
  <testcase name="testGetPlayerName()" classname="game.GameTest" time="0.005"/>
  <testcase name="gameWon()" classname="game.GameTest" time="0.001"/>
  <testcase name="testGuessLetterCorrectLetterAndGetWordToGuess()" classname="game.GameTest" time="0.005"/>
  <testcase name="testAttemptCounter()" classname="game.GameTest" time="0.002"/>
  <testcase name="gameWonAllAttempts()" classname="game.GameTest" time="0.002"/>
  <testcase name="testGuessLetterIncorrectAndCorrect()" classname="game.GameTest" time="0.005"/>
  <testcase name="testGuessLetterIncorrectLetterAndGetWordToGuess()" classname="game.GameTest" time="0.006"/>
  <testcase name="testGuessLetterCorrectLetter()" classname="game.GameTest" time="0.008"/>
  <system-out><![CDATA[]]></system-out>
  <system-err><![CDATA[]]></system-err>
</testsuite>
