<?xml version="1.0" encoding="UTF-8"?>
<testsuite name="TheInternetTest" tests="1" skipped="0" failures="0" errors="0" timestamp="2023-01-06T14:44:02" hostname="MASTUDEVX3HJKGK" time="2.086">
  <properties/>
  <testcase name="downloadFile()" classname="TheInternetTest" time="2.086"/>
  <system-out><![CDATA[{\rtf1\ansi\ansicpg1252\cocoartf1348\cocoasubrtf170
{\fonttbl\f0\fswiss\fcharset0 Helvetica;}
{\colortbl;\red255\green255\blue255;}
\margl1440\margr1440\vieww10800\viewh8400\viewkind0
\pard\tx720\tx1440\tx2160\tx2880\tx3600\tx4320\tx5040\tx5760\tx6480\tx7200\tx7920\tx8640\pardirnatural

\f0\fs24 \cf0 asdf}
]]></system-out>
  <system-err><![CDATA[]]></system-err>
</testsuite>
