<?xml version="1.0" encoding="UTF-8"?>
<testsuite name="FizzBuzzTest" tests="7" skipped="0" failures="0" errors="0" timestamp="2022-12-12T12:55:34" hostname="MASTUDEVX3HJKGK" time="0.072">
  <properties/>
  <testcase name="testGenerateListsNumbersUpToFifteen()" classname="FizzBuzzTest" time="0.047"/>
  <testcase name="testGenerateListsNumbersUpToThree()" classname="FizzBuzzTest" time="0.001"/>
  <testcase name="testGenerateListsNumbersUpToThirty()" classname="FizzBuzzTest" time="0.003"/>
  <testcase name="testGenerateListsNumbersUpToFive()" classname="FizzBuzzTest" time="0.002"/>
  <testcase name="testGenerateListsNumbersUpToOne()" classname="FizzBuzzTest" time="0.002"/>
  <testcase name="testGenerateListsNumbersUpToSix()" classname="FizzBuzzTest" time="0.001"/>
  <testcase name="testGenerateListsNumbersUpToTwo()" classname="FizzBuzzTest" time="0.002"/>
  <system-out><![CDATA[]]></system-out>
  <system-err><![CDATA[]]></system-err>
</testsuite>
