<?xml version="1.0" encoding="UTF-8"?>
<testsuite name="ShoppingListTest" tests="4" skipped="0" failures="0" errors="0" timestamp="2022-12-14T12:08:25" hostname="MASTUDEVX3HJKGK" time="0.512">
  <properties/>
  <testcase name="checkAddSeveralItems()" classname="ShoppingListTest" time="0.49"/>
  <testcase name="checkAddItemDonut()" classname="ShoppingListTest" time="0.01"/>
  <testcase name="checkEmptyShoppingListCreated()" classname="ShoppingListTest" time="0.003"/>
  <testcase name="checkAddItemCookie()" classname="ShoppingListTest" time="0.002"/>
  <system-out><![CDATA[]]></system-out>
  <system-err><![CDATA[]]></system-err>
</testsuite>
